<?xml version="1.0" encoding="UTF-8"?>
<!-- Generated by org.testng.reporters.JUnitXMLReporter -->
<testsuite hostname="TIPS" ignored="1" name="Default test(failed)" tests="1" failures="0" timestamp="2022-02-23T18:55:44 CST" time="26.387" errors="0">
  <testcase name="addCustomer" time="22.268" classname="addCustomer.AddCustomer_UsingTestNg"/>
  <testcase name="loginTest" time="0.0" classname="addCustomer.AddCustomer_UsingTestNg">
    <ignored/>
  </testcase> <!-- loginTest -->
</testsuite> <!-- Default test(failed) -->
