<?xml version="1.0" encoding="UTF-8"?>
<testng-results skipped="0" failed="0" ignored="0" total="2" passed="2">
  <reporter-output>
  </reporter-output>
  <suite name="Default suite" duration-ms="35624" started-at="2022-03-05T14:05:04 CST" finished-at="2022-03-05T14:05:40 CST">
    <groups>
    </groups>
    <test name="Default test" duration-ms="35624" started-at="2022-03-05T14:05:04 CST" finished-at="2022-03-05T14:05:40 CST">
      <class name="addCustomer.AddCustomer_UsingTestNg">
        <test-method status="PASS" signature="readConfig()[pri:0, instance:addCustomer.AddCustomer_UsingTestNg@5bb21b69]" name="readConfig" is-config="true" duration-ms="15" started-at="2022-03-05T14:05:04 CST" finished-at="2022-03-05T14:05:04 CST">
          <reporter-output>
          </reporter-output>
        </test-method> <!-- readConfig -->
        <test-method status="PASS" signature="init()[pri:0, instance:addCustomer.AddCustomer_UsingTestNg@5bb21b69]" name="init" is-config="true" duration-ms="4498" started-at="2022-03-05T14:05:04 CST" finished-at="2022-03-05T14:05:09 CST">
          <reporter-output>
          </reporter-output>
        </test-method> <!-- init -->
        <test-method status="PASS" signature="loginTest()[pri:1, instance:addCustomer.AddCustomer_UsingTestNg@5bb21b69]" name="loginTest" duration-ms="1612" started-at="2022-03-05T14:05:09 CST" finished-at="2022-03-05T14:05:10 CST">
          <reporter-output>
          </reporter-output>
        </test-method> <!-- loginTest -->
        <test-method status="PASS" signature="teardown()[pri:0, instance:addCustomer.AddCustomer_UsingTestNg@5bb21b69]" name="teardown" is-config="true" duration-ms="769" started-at="2022-03-05T14:05:10 CST" finished-at="2022-03-05T14:05:11 CST">
          <reporter-output>
          </reporter-output>
        </test-method> <!-- teardown -->
        <test-method status="PASS" signature="init()[pri:0, instance:addCustomer.AddCustomer_UsingTestNg@5bb21b69]" name="init" is-config="true" duration-ms="2452" started-at="2022-03-05T14:05:11 CST" finished-at="2022-03-05T14:05:14 CST">
          <reporter-output>
          </reporter-output>
        </test-method> <!-- init -->
        <test-method status="PASS" signature="addCustomer()[pri:2, instance:addCustomer.AddCustomer_UsingTestNg@5bb21b69]" name="addCustomer" duration-ms="25400" started-at="2022-03-05T14:05:14 CST" finished-at="2022-03-05T14:05:39 CST">
          <reporter-output>
          </reporter-output>
        </test-method> <!-- addCustomer -->
        <test-method status="PASS" signature="teardown()[pri:0, instance:addCustomer.AddCustomer_UsingTestNg@5bb21b69]" name="teardown" is-config="true" duration-ms="814" started-at="2022-03-05T14:05:39 CST" finished-at="2022-03-05T14:05:40 CST">
          <reporter-output>
          </reporter-output>
        </test-method> <!-- teardown -->
      </class> <!-- addCustomer.AddCustomer_UsingTestNg -->
    </test> <!-- Default test -->
  </suite> <!-- Default suite -->
</testng-results>
